<?xml version="1.0" encoding="UTF-8"?>
<!-- Generated by org.testng.reporters.JUnitXMLReporter -->
<testsuite ignored="0" hostname="DESKTOP-30HH9IO" failures="0" tests="10" name="Default test" time="121.472" errors="0" timestamp="2025-03-28T19:39:00 IST">
  <testcase classname="test.Mb_Test" name="addcart" time="25.027"/>
  <testcase classname="test.Mb_Test" name="dropdown" time="6.765"/>
  <testcase classname="test.Mb_Test" name="logoverify" time="0.134"/>
  <testcase classname="test.Mb_Test" name="mouseover" time="3.733"/>
  <testcase classname="test.Mb_Test" name="screenshottest" time="0.269"/>
  <testcase classname="test.Mb_Test" name="scrolldown" time="1.278"/>
  <testcase classname="test.Mb_Test" name="test_windowhandle" time="8.712"/>
  <testcase classname="test.Mb_Test" name="testcontent" time="0.132"/>
  <testcase classname="test.Mb_Test" name="testlogin" time="22.063"/>
  <testcase classname="test.Mb_Test" name="testtitle" time="0.024"/>
</testsuite> <!-- Default test -->
